Using pre-set license
Built from '2020.3/staging' branch; Version is '2020.3.26f1 (7298b473bc1a) revision 7510196'; Using compiler version '192528614'; Build Type 'Release'
OS: 'Windows 10  (10.0.19043) 64bit Professional' Language: 'es' Physical Memory: 32726 MB
BatchMode: 1, IsHumanControllingUs: 0, StartBugReporterOnCrash: 0, Is64bit: 1, IsPro: 0

COMMAND LINE ARGUMENTS:
B:\Unity\Hub\Editor\2020.3.26f1\Editor\Unity.exe
-adb2
-batchMode
-noUpm
-name
AssetImportWorker0
-projectPath
G:/Proyectos/CollegeProjects/DessertGame/SRC_DessertGame
-logFile
Logs/AssetImportWorker0.log
-srvPort
64319
Successfully changed project path to: G:/Proyectos/CollegeProjects/DessertGame/SRC_DessertGame
G:/Proyectos/CollegeProjects/DessertGame/SRC_DessertGame
Using Asset Import Pipeline V2.
Refreshing native plugins compatible for Editor in 32.55 ms, found 2 plugins.
Preloading 0 native plugins for Editor in 0.00 ms.
Initialize engine version: 2020.3.26f1 (7298b473bc1a)
[Subsystems] Discovering subsystems at path B:/Unity/Hub/Editor/2020.3.26f1/Editor/Data/Resources/UnitySubsystems
[Subsystems] Discovering subsystems at path G:/Proyectos/CollegeProjects/DessertGame/SRC_DessertGame/Assets
GfxDevice: creating device client; threaded=0
Direct3D:
    Version:  Direct3D 11.0 [level 11.1]
    Renderer: NVIDIA GeForce GTX 1060 6GB (ID=0x1c03)
    Vendor:   
    VRAM:     6052 MB
    Driver:   27.21.14.5671
Initialize mono
Mono path[0] = 'B:/Unity/Hub/Editor/2020.3.26f1/Editor/Data/Managed'
Mono path[1] = 'B:/Unity/Hub/Editor/2020.3.26f1/Editor/Data/MonoBleedingEdge/lib/mono/unityjit'
Mono config path = 'B:/Unity/Hub/Editor/2020.3.26f1/Editor/Data/MonoBleedingEdge/etc'
Using monoOptions --debugger-agent=transport=dt_socket,embedding=1,server=y,suspend=n,address=127.0.0.1:56984
Begin MonoManager ReloadAssembly
Registering precompiled unity dll's ...
Register platform support module: B:/Unity/Hub/Editor/2020.3.26f1/Editor/Data/PlaybackEngines/WindowsStandaloneSupport/UnityEditor.WindowsStandalone.Extensions.dll
Registered in 0.000975 seconds.
Native extension for WindowsStandalone target not found
Refreshing native plugins compatible for Editor in 32.68 ms, found 2 plugins.
Preloading 0 native plugins for Editor in 0.00 ms.
Mono: successfully reloaded assembly
- Completed reload, in  0.585 seconds
Domain Reload Profiling:
	ReloadAssembly (585ms)
		BeginReloadAssembly (55ms)
			ExecutionOrderSort (0ms)
			DisableScriptedObjects (0ms)
			BackupInstance (0ms)
			ReleaseScriptingObjects (0ms)
			CreateAndSetChildDomain (1ms)
		EndReloadAssembly (463ms)
			LoadAssemblies (54ms)
			RebuildTransferFunctionScriptingTraits (0ms)
			SetupTypeCache (161ms)
			ReleaseScriptCaches (0ms)
			RebuildScriptCaches (31ms)
			SetupLoadedEditorAssemblies (166ms)
				LogAssemblyErrors (0ms)
				InitializePlatformSupportModulesInManaged (5ms)
				SetLoadedEditorAssemblies (0ms)
				RefreshPlugins (33ms)
				BeforeProcessingInitializeOnLoad (17ms)
				ProcessInitializeOnLoadAttributes (82ms)
				ProcessInitializeOnLoadMethodAttributes (29ms)
				AfterProcessingInitializeOnLoad (0ms)
				EditorAssembliesLoaded (0ms)
			ExecutionOrderSort2 (0ms)
			AwakeInstancesAfterBackupRestoration (0ms)
Platform modules already initialized, skipping
Registering precompiled user dll's ...
Registered in 0.003222 seconds.
Begin MonoManager ReloadAssembly
Native extension for WindowsStandalone target not found
Refreshing native plugins compatible for Editor in 0.32 ms, found 2 plugins.
Preloading 0 native plugins for Editor in 0.00 ms.
Mono: successfully reloaded assembly
- Completed reload, in  1.036 seconds
Domain Reload Profiling:
	ReloadAssembly (1037ms)
		BeginReloadAssembly (154ms)
			ExecutionOrderSort (0ms)
			DisableScriptedObjects (5ms)
			BackupInstance (0ms)
			ReleaseScriptingObjects (0ms)
			CreateAndSetChildDomain (19ms)
		EndReloadAssembly (827ms)
			LoadAssemblies (91ms)
			RebuildTransferFunctionScriptingTraits (0ms)
			SetupTypeCache (296ms)
			ReleaseScriptCaches (0ms)
			RebuildScriptCaches (40ms)
			SetupLoadedEditorAssemblies (304ms)
				LogAssemblyErrors (0ms)
				InitializePlatformSupportModulesInManaged (4ms)
				SetLoadedEditorAssemblies (0ms)
				RefreshPlugins (0ms)
				BeforeProcessingInitializeOnLoad (72ms)
				ProcessInitializeOnLoadAttributes (215ms)
				ProcessInitializeOnLoadMethodAttributes (10ms)
				AfterProcessingInitializeOnLoad (2ms)
				EditorAssembliesLoaded (0ms)
			ExecutionOrderSort2 (0ms)
			AwakeInstancesAfterBackupRestoration (6ms)
Platform modules already initialized, skipping
========================================================================
Worker process is ready to serve import requests
Launched and connected shader compiler UnityShaderCompiler.exe after 0.05 seconds
Refreshing native plugins compatible for Editor in 0.30 ms, found 2 plugins.
Preloading 0 native plugins for Editor in 0.00 ms.
Unloading 1503 Unused Serialized files (Serialized files now loaded: 0)
System memory in use before: 67.5 MB.
System memory in use after: 67.6 MB.

Unloading 19 unused Assets to reduce memory usage. Loaded Objects now: 1935.
Total: 2.620200 ms (FindLiveObjects: 0.167300 ms CreateObjectMapping: 0.071500 ms MarkObjects: 2.322600 ms  DeleteObjects: 0.057500 ms)

AssetImportParameters requested are different than current active one (requested -> active):
  custom:framework-win-MediaFoundation: 216162199b28c13a410421893ffa2e32 -> 
  custom:video-decoder-ogg-theora: a1e56fd34408186e4bbccfd4996cb3dc -> 
  custom:container-muxer-webm: aa71ff27fc2769a1b78a27578f13a17b -> 
  custom:container-demuxer-webm: 4f35f7cbe854078d1ac9338744f61a02 -> 
  custom:container-demuxer-ogg: 62fdf1f143b41e24485cea50d1cbac27 -> 
  custom:video-encoder-webm-vp8: eb34c28f22e8b96e1ab97ce403110664 -> 
  custom:video-codec-MediaFoundation-h265: 746d11721c4dcdbdad8f713fa42b33f4 -> 
  custom:video-decoder-webm-vp8: 9c59270c3fd7afecdb556c50c9e8de78 -> 
  custom:audio-decoder-ogg-vorbis: bf7c407c2cedff20999df2af8eb42d56 -> 
  custom:audio-encoder-webm-vorbis: bf7c407c2cedff20999df2af8eb42d56 -> 
========================================================================
Received Import Request.
  path: Assets
  artifactKey: Guid(00000000000000001000000000000000) Importer(815301076,1909f56bfc062723c751e8b465ee728b)
Start importing Assets using Guid(00000000000000001000000000000000) Importer(815301076,1909f56bfc062723c751e8b465ee728b)  -> (artifact id: '42d402b061de3733987d63b9cc3b64de') in 0.024367 seconds 
  Import took 0.026470 seconds .

========================================================================
Received Import Request.
  Time since last request: 0.000243 seconds.
  path: Assets/_Scenes
  artifactKey: Guid(66f5219b1a2605a41b0bd4bc56375a41) Importer(815301076,1909f56bfc062723c751e8b465ee728b)
Start importing Assets/_Scenes using Guid(66f5219b1a2605a41b0bd4bc56375a41) Importer(815301076,1909f56bfc062723c751e8b465ee728b)  -> (artifact id: '97ba3fa1f97a3fe94723f165937106d3') in 0.023504 seconds 
  Import took 0.026141 seconds .

========================================================================
Received Import Request.
  Time since last request: 4.579993 seconds.
  path: Assets/Art
  artifactKey: Guid(45580979eccd63d46916600f1c64ede3) Importer(815301076,1909f56bfc062723c751e8b465ee728b)
Start importing Assets/Art using Guid(45580979eccd63d46916600f1c64ede3) Importer(815301076,1909f56bfc062723c751e8b465ee728b)  -> (artifact id: 'f399ccebdd07035e15ff1f7d7335dbfd') in 0.025515 seconds 
  Import took 0.027980 seconds .

========================================================================
Received Import Request.
  Time since last request: 5.650634 seconds.
  path: Assets/Scripts
  artifactKey: Guid(b336cb854d36ace4bbeab3c045da4f5e) Importer(815301076,1909f56bfc062723c751e8b465ee728b)
Start importing Assets/Scripts using Guid(b336cb854d36ace4bbeab3c045da4f5e) Importer(815301076,1909f56bfc062723c751e8b465ee728b)  -> (artifact id: '50abf547382440ab4d572e17610b1d63') in 0.025018 seconds 
  Import took 0.027383 seconds .

========================================================================
Received Import Request.
  Time since last request: 3.458358 seconds.
  path: Assets/Arts
  artifactKey: Guid(45580979eccd63d46916600f1c64ede3) Importer(815301076,1909f56bfc062723c751e8b465ee728b)
Start importing Assets/Arts using Guid(45580979eccd63d46916600f1c64ede3) Importer(815301076,1909f56bfc062723c751e8b465ee728b)  -> (artifact id: '6cfdfa270712779f2373b6ed576992c7') in 0.024817 seconds 
  Import took 0.026861 seconds .

========================================================================
Received Import Request.
  Time since last request: 7.431611 seconds.
  path: Assets/Animations
  artifactKey: Guid(cec33153fd727f74fb68c53eeff01935) Importer(815301076,1909f56bfc062723c751e8b465ee728b)
Start importing Assets/Animations using Guid(cec33153fd727f74fb68c53eeff01935) Importer(815301076,1909f56bfc062723c751e8b465ee728b)  -> (artifact id: '31601ae393715282d51e99783b49e8ac') in 0.026379 seconds 
  Import took 0.029134 seconds .

========================================================================
Received Import Request.
  Time since last request: 193.114434 seconds.
  path: Assets/Prefabs
  artifactKey: Guid(9a86584166da4fb4dbba0fdd5f950fbb) Importer(815301076,1909f56bfc062723c751e8b465ee728b)
Start importing Assets/Prefabs using Guid(9a86584166da4fb4dbba0fdd5f950fbb) Importer(815301076,1909f56bfc062723c751e8b465ee728b)  -> (artifact id: '5e949aefec2b4658da6c6e1f6ff02da6') in 0.026396 seconds 
  Import took 0.028933 seconds .

